http://gamer.qq.com:80/enum/maxexp?tk=02a1a7d9cb887ab8f53e209f42e7496b
http://gamer.qq.com:80/card/publishcard?iProductID=1&iQQ=584295354&iAct=1&szContent=&szDetail=&tk=02a1a7d9cb887ab8f53e209f42e7496b
{"errCode":0,"msg":"success","result":374900}
{"errCode":-214,"msg":"今日不能重复打卡"}
http://gamer.qq.com:80/card/publishcard?iProductID=2&iQQ=584295354&iAct=1&szContent=&szDetail=&tk=02a1a7d9cb887ab8f53e209f42e7496b
{"errCode":-213,"msg":"未找到心情打卡配置信息"}
http://gamer.qq.com:80/card/publishcard?iProductID=3&iQQ=584295354&iAct=1&szContent=&szDetail=&tk=02a1a7d9cb887ab8f53e209f42e7496b
{"errCode":-214,"msg":"今日不能重复打卡"}
http://gamer.qq.com:80/card/publishcard?iProductID=4&iQQ=584295354&iAct=1&szContent=&szDetail=&tk=02a1a7d9cb887ab8f53e209f42e7496b
{"errCode":-214,"msg":"今日不能重复打卡"}
http://gamer.qq.com:80/card/publishcard?iProductID=5&iQQ=584295354&iAct=1&szContent=&szDetail=&tk=02a1a7d9cb887ab8f53e209f42e7496b
{"errCode":-213,"msg":"未找到心情打卡配置信息"}
http://gamer.qq.com:80/card/publishcard?iProductID=6&iQQ=584295354&iAct=1&szContent=&szDetail=&tk=02a1a7d9cb887ab8f53e209f42e7496b
{"errCode":-213,"msg":"未找到心情打卡配置信息"}
http://gamer.qq.com:80/card/publishcard?iProductID=7&iQQ=584295354&iAct=1&szContent=&szDetail=&tk=02a1a7d9cb887ab8f53e209f42e7496b
{"errCode":-213,"msg":"未找到心情打卡配置信息"}
http://gamer.qq.com:80/card/publishcard?iProductID=8&iQQ=584295354&iAct=1&szContent=&szDetail=&tk=02a1a7d9cb887ab8f53e209f42e7496b
{"errCode":-214,"msg":"今日不能重复打卡"}
http://gamer.qq.com:80/card/publishcard?iProductID=9&iQQ=584295354&iAct=1&szContent=&szDetail=&tk=02a1a7d9cb887ab8f53e209f42e7496b
{"errCode":-213,"msg":"未找到心情打卡配置信息"}
http://gamer.qq.com:80/card/publishcard?iProductID=10&iQQ=584295354&iAct=1&szContent=&szDetail=&tk=02a1a7d9cb887ab8f53e209f42e7496b
{"errCode":-213,"msg":"未找到心情打卡配置信息"}
http://gamer.qq.com:80/card/publishcard?iProductID=11&iQQ=584295354&iAct=1&szContent=&szDetail=&tk=02a1a7d9cb887ab8f53e209f42e7496b
{"errCode":-213,"msg":"未找到心情打卡配置信息"}
http://gamer.qq.com:80/card/publishcard?iProductID=12&iQQ=584295354&iAct=1&szContent=&szDetail=&tk=02a1a7d9cb887ab8f53e209f42e7496b
{"errCode":-213,"msg":"未找到心情打卡配置信息"}
http://gamer.qq.com:80/card/publishcard?iProductID=13&iQQ=584295354&iAct=1&szContent=&szDetail=&tk=02a1a7d9cb887ab8f53e209f42e7496b
{"errCode":-213,"msg":"未找到心情打卡配置信息"}
http://gamer.qq.com:80/card/publishcard?iProductID=14&iQQ=584295354&iAct=1&szContent=&szDetail=&tk=02a1a7d9cb887ab8f53e209f42e7496b
{"errCode":-214,"msg":"今日不能重复打卡"}
http://gamer.qq.com:80/card/publishcard?iProductID=15&iQQ=584295354&iAct=1&szContent=&szDetail=&tk=02a1a7d9cb887ab8f53e209f42e7496b
{"errCode":-213,"msg":"未找到心情打卡配置信息"}
http://gamer.qq.com:80/card/publishcard?iProductID=16&iQQ=584295354&iAct=1&szContent=&szDetail=&tk=02a1a7d9cb887ab8f53e209f42e7496b
{"errCode":-213,"msg":"未找到心情打卡配置信息"}
http://gamer.qq.com:80/card/publishcard?iProductID=17&iQQ=584295354&iAct=1&szContent=&szDetail=&tk=02a1a7d9cb887ab8f53e209f42e7496b
{"errCode":-213,"msg":"未找到心情打卡配置信息"}
http://gamer.qq.com:80/card/publishcard?iProductID=18&iQQ=584295354&iAct=1&szContent=&szDetail=&tk=02a1a7d9cb887ab8f53e209f42e7496b
{"errCode":-213,"msg":"未找到心情打卡配置信息"}
http://gamer.qq.com:80/card/publishcard?iProductID=19&iQQ=584295354&iAct=1&szContent=&szDetail=&tk=02a1a7d9cb887ab8f53e209f42e7496b
{"errCode":-213,"msg":"未找到心情打卡配置信息"}
http://gamer.qq.com:80/card/publishcard?iProductID=20&iQQ=584295354&iAct=1&szContent=&szDetail=&tk=02a1a7d9cb887ab8f53e209f42e7496b
{"errCode":-214,"msg":"今日不能重复打卡"}
http://gamer.qq.com:80/card/publishcard?iProductID=21&iQQ=584295354&iAct=1&szContent=&szDetail=&tk=02a1a7d9cb887ab8f53e209f42e7496b
{"errCode":-214,"msg":"今日不能重复打卡"}
http://gamer.qq.com:80/card/publishcard?iProductID=22&iQQ=584295354&iAct=1&szContent=&szDetail=&tk=02a1a7d9cb887ab8f53e209f42e7496b
{"errCode":-213,"msg":"未找到心情打卡配置信息"}
http://gamer.qq.com:80/card/publishcard?iProductID=23&iQQ=584295354&iAct=1&szContent=&szDetail=&tk=02a1a7d9cb887ab8f53e209f42e7496b
{"errCode":-213,"msg":"未找到心情打卡配置信息"}
http://gamer.qq.com:80/card/publishcard?iProductID=24&iQQ=584295354&iAct=1&szContent=&szDetail=&tk=02a1a7d9cb887ab8f53e209f42e7496b
{"errCode":-214,"msg":"今日不能重复打卡"}
http://gamer.qq.com:80/card/publishcard?iProductID=25&iQQ=584295354&iAct=1&szContent=&szDetail=&tk=02a1a7d9cb887ab8f53e209f42e7496b
{"errCode":-213,"msg":"未找到心情打卡配置信息"}
http://gamer.qq.com:80/card/publishcard?iProductID=26&iQQ=584295354&iAct=1&szContent=&szDetail=&tk=02a1a7d9cb887ab8f53e209f42e7496b
{"errCode":-214,"msg":"今日不能重复打卡"}
http://gamer.qq.com:80/card/publishcard?iProductID=27&iQQ=584295354&iAct=1&szContent=&szDetail=&tk=02a1a7d9cb887ab8f53e209f42e7496b
{"errCode":-214,"msg":"今日不能重复打卡"}
http://gamer.qq.com:80/card/publishcard?iProductID=28&iQQ=584295354&iAct=1&szContent=&szDetail=&tk=02a1a7d9cb887ab8f53e209f42e7496b
{"errCode":-213,"msg":"未找到心情打卡配置信息"}
http://gamer.qq.com:80/card/publishcard?iProductID=29&iQQ=584295354&iAct=1&szContent=&szDetail=&tk=02a1a7d9cb887ab8f53e209f42e7496b
{"errCode":-213,"msg":"未找到心情打卡配置信息"}
http://gamer.qq.com:80/card/publishcard?iProductID=30&iQQ=584295354&iAct=1&szContent=&szDetail=&tk=02a1a7d9cb887ab8f53e209f42e7496b
{"errCode":-214,"msg":"今日不能重复打卡"}
http://gamer.qq.com:80/card/publishcard?iProductID=31&iQQ=584295354&iAct=1&szContent=&szDetail=&tk=02a1a7d9cb887ab8f53e209f42e7496b
{"errCode":-214,"msg":"今日不能重复打卡"}
http://gamer.qq.com:80/card/publishcard?iProductID=32&iQQ=584295354&iAct=1&szContent=&szDetail=&tk=02a1a7d9cb887ab8f53e209f42e7496b
{"errCode":-213,"msg":"未找到心情打卡配置信息"}
http://gamer.qq.com:80/card/publishcard?iProductID=33&iQQ=584295354&iAct=1&szContent=&szDetail=&tk=02a1a7d9cb887ab8f53e209f42e7496b
{"errCode":-214,"msg":"今日不能重复打卡"}
http://gamer.qq.com:80/card/publishcard?iProductID=34&iQQ=584295354&iAct=1&szContent=&szDetail=&tk=02a1a7d9cb887ab8f53e209f42e7496b
{"errCode":-213,"msg":"未找到心情打卡配置信息"}
http://gamer.qq.com:80/card/publishcard?iProductID=35&iQQ=584295354&iAct=1&szContent=&szDetail=&tk=02a1a7d9cb887ab8f53e209f42e7496b
{"errCode":-213,"msg":"未找到心情打卡配置信息"}
http://gamer.qq.com:80/card/publishcard?iProductID=36&iQQ=584295354&iAct=1&szContent=&szDetail=&tk=02a1a7d9cb887ab8f53e209f42e7496b
{"errCode":-213,"msg":"未找到心情打卡配置信息"}
http://gamer.qq.com:80/card/publishcard?iProductID=37&iQQ=584295354&iAct=1&szContent=&szDetail=&tk=02a1a7d9cb887ab8f53e209f42e7496b
{"errCode":-213,"msg":"未找到心情打卡配置信息"}
http://gamer.qq.com:80/card/publishcard?iProductID=38&iQQ=584295354&iAct=1&szContent=&szDetail=&tk=02a1a7d9cb887ab8f53e209f42e7496b
{"errCode":-214,"msg":"今日不能重复打卡"}
http://gamer.qq.com:80/card/publishcard?iProductID=39&iQQ=584295354&iAct=1&szContent=&szDetail=&tk=02a1a7d9cb887ab8f53e209f42e7496b
{"errCode":-214,"msg":"今日不能重复打卡"}
http://gamer.qq.com:80/card/publishcard?iProductID=40&iQQ=584295354&iAct=1&szContent=&szDetail=&tk=02a1a7d9cb887ab8f53e209f42e7496b
{"errCode":-213,"msg":"未找到心情打卡配置信息"}
http://gamer.qq.com:80/card/publishcard?iProductID=41&iQQ=584295354&iAct=1&szContent=&szDetail=&tk=02a1a7d9cb887ab8f53e209f42e7496b
{"errCode":-213,"msg":"未找到心情打卡配置信息"}
http://gamer.qq.com:80/task/daily/get?iQQ=584295354&tk=02a1a7d9cb887ab8f53e209f42e7496b
{"errCode":0,"msg":"success","result":{"iDailyTaskID":935,"dDay":"2016-01-27","iTaskType":5,"iUserCnt":117,"iUserFinishCnt":11,"iNeedCount":0,"iQuestionID":3217,"szRightAns":"","szDetail":"{\"iOfferName\":\"天气好热\"}","iUserRightCnt":0,"iOfferQQ":379569720,"szArticleInfo":"{\"pid\":23,\"cid\":78,\"aid\":\"98784423727\"}","szAnsMatchResult":"","questioninfo":[{"iOptionID":11205,"iQuestionID":3217,"iTaskQuestionID":1,"iTaskID":0,"iQuestionType":7,"szAskDesc":"现在，超级IP们越来越横扫千军，EA开发的《星球大战：前线》，总销售额已经超过了6.6亿美金！那么在国内，大家觉得哪个IP能达到星战在美国这样的国民欢迎度呢？#|#http://shp.qpic.cn/zc_large/0/842_1453129687000/256","szOptionDesc":"西游记（有齐天大圣，妥妥的）","szOptionUrl":"","iFormat":0,"szLimitPattrn":"","iOptionRandom":0,"iOptionCnt":4},{"iOptionID":11206,"iQuestionID":3217,"iTaskQuestionID":1,"iTaskID":0,"iQuestionType":7,"szAskDesc":"现在，超级IP们越来越横扫千军，EA开发的《星球大战：前线》，总销售额已经超过了6.6亿美金！那么在国内，大家觉得哪个IP能达到星战在美国这样的国民欢迎度呢？#|#http://shp.qpic.cn/zc_large/0/842_1453129687000/256","szOptionDesc":"葫芦娃（cosplay最方便）","szOptionUrl":"","iFormat":0,"szLimitPattrn":"","iOptionRandom":0,"iOptionCnt":2},{"iOptionID":11207,"iQuestionID":3217,"iTaskQuestionID":1,"iTaskID":0,"iQuestionType":7,"szAskDesc":"现在，超级IP们越来越横扫千军，EA开发的《星球大战：前线》，总销售额已经超过了6.6亿美金！那么在国内，大家觉得哪个IP能达到星战在美国这样的国民欢迎度呢？#|#http://shp.qpic.cn/zc_large/0/842_1453129687000/256","szOptionDesc":"舒克和贝塔（中国版的忍者神龟）","szOptionUrl":"","iFormat":0,"szLimitPattrn":"","iOptionRandom":0,"iOptionCnt":1},{"iOptionID":11208,"iQuestionID":3217,"iTaskQuestionID":1,"iTaskID":0,"iQuestionType":7,"szAskDesc":"现在，超级IP们越来越横扫千军，EA开发的《星球大战：前线》，总销售额已经超过了6.6亿美金！那么在国内，大家觉得哪个IP能达到星战在美国这样的国民欢迎度呢？#|#http://shp.qpic.cn/zc_large/0/842_1453129687000/256","szOptionDesc":"海尔兄弟（...）","szOptionUrl":"","iFormat":0,"szLimitPattrn":"","iOptionRandom":0,"iOptionCnt":0},{"iOptionID":11209,"iQuestionID":3217,"iTaskQuestionID":1,"iTaskID":0,"iQuestionType":7,"szAskDesc":"现在，超级IP们越来越横扫千军，EA开发的《星球大战：前线》，总销售额已经超过了6.6亿美金！那么在国内，大家觉得哪个IP能达到星战在美国这样的国民欢迎度呢？#|#http://shp.qpic.cn/zc_large/0/842_1453129687000/256","szOptionDesc":"我要补充到评论里~","szOptionUrl":"","iFormat":0,"szLimitPattrn":"","iOptionRandom":0,"iOptionCnt":3}],"userInfo":{"iQQ":584295354,"iDailyTaskID":935,"dDay":"2016-01-27","iContinueCnt":1,"iAnsChoiceID":11205,"szAnsContent":"","iDoneCount":0,"iStatus":2},"voteCnt":[{"iOptionID":11205,"iOptionCnt":1452},{"iOptionID":11206,"iOptionCnt":231},{"iOptionID":11207,"iOptionCnt":252},{"iOptionID":11208,"iOptionCnt":196},{"iOptionID":11209,"iOptionCnt":135}],"config":{"1":{"iMoney":"0","iScore1":"10"},"2":{"iMoney":"0","iScore1":"15"},"3":{"iMoney":"0","iScore1":"20"},"4":{"iMoney":"0","iScore1":"25"},"5":{"iMoney":"0","iScore1":"30"},"6":{"iMoney":"0","iScore1":"35"},"7":{"iMoney":"0","iScore1":"40"}}}}
{ iDailyTaskID: 935,
  dDay: '2016-01-27',
  iTaskType: 5,
  iUserCnt: 117,
  iUserFinishCnt: 11,
  iNeedCount: 0,
  iQuestionID: 3217,
  szRightAns: '',
  szDetail: '{"iOfferName":"天气好热"}',
  iUserRightCnt: 0,
  iOfferQQ: 379569720,
  szArticleInfo: '{"pid":23,"cid":78,"aid":"98784423727"}',
  szAnsMatchResult: '',
  questioninfo: 
   [ { iOptionID: 11205,
       iQuestionID: 3217,
       iTaskQuestionID: 1,
       iTaskID: 0,
       iQuestionType: 7,
       szAskDesc: '现在，超级IP们越来越横扫千军，EA开发的《星球大战：前线》，总销售额已经超过了6.6亿美金！那么在国内，大家觉得哪个IP能达到星战在美国这样的国民欢迎度呢？#|#http://shp.qpic.cn/zc_large/0/842_1453129687000/256',
       szOptionDesc: '西游记（有齐天大圣，妥妥的）',
       szOptionUrl: '',
       iFormat: 0,
       szLimitPattrn: '',
       iOptionRandom: 0,
       iOptionCnt: 4 },
     { iOptionID: 11206,
       iQuestionID: 3217,
       iTaskQuestionID: 1,
       iTaskID: 0,
       iQuestionType: 7,
       szAskDesc: '现在，超级IP们越来越横扫千军，EA开发的《星球大战：前线》，总销售额已经超过了6.6亿美金！那么在国内，大家觉得哪个IP能达到星战在美国这样的国民欢迎度呢？#|#http://shp.qpic.cn/zc_large/0/842_1453129687000/256',
       szOptionDesc: '葫芦娃（cosplay最方便）',
       szOptionUrl: '',
       iFormat: 0,
       szLimitPattrn: '',
       iOptionRandom: 0,
       iOptionCnt: 2 },
     { iOptionID: 11207,
       iQuestionID: 3217,
       iTaskQuestionID: 1,
       iTaskID: 0,
       iQuestionType: 7,
       szAskDesc: '现在，超级IP们越来越横扫千军，EA开发的《星球大战：前线》，总销售额已经超过了6.6亿美金！那么在国内，大家觉得哪个IP能达到星战在美国这样的国民欢迎度呢？#|#http://shp.qpic.cn/zc_large/0/842_1453129687000/256',
       szOptionDesc: '舒克和贝塔（中国版的忍者神龟）',
       szOptionUrl: '',
       iFormat: 0,
       szLimitPattrn: '',
       iOptionRandom: 0,
       iOptionCnt: 1 },
     { iOptionID: 11208,
       iQuestionID: 3217,
       iTaskQuestionID: 1,
       iTaskID: 0,
       iQuestionType: 7,
       szAskDesc: '现在，超级IP们越来越横扫千军，EA开发的《星球大战：前线》，总销售额已经超过了6.6亿美金！那么在国内，大家觉得哪个IP能达到星战在美国这样的国民欢迎度呢？#|#http://shp.qpic.cn/zc_large/0/842_1453129687000/256',
       szOptionDesc: '海尔兄弟（...）',
       szOptionUrl: '',
       iFormat: 0,
       szLimitPattrn: '',
       iOptionRandom: 0,
       iOptionCnt: 0 },
     { iOptionID: 11209,
       iQuestionID: 3217,
       iTaskQuestionID: 1,
       iTaskID: 0,
       iQuestionType: 7,
       szAskDesc: '现在，超级IP们越来越横扫千军，EA开发的《星球大战：前线》，总销售额已经超过了6.6亿美金！那么在国内，大家觉得哪个IP能达到星战在美国这样的国民欢迎度呢？#|#http://shp.qpic.cn/zc_large/0/842_1453129687000/256',
       szOptionDesc: '我要补充到评论里~',
       szOptionUrl: '',
       iFormat: 0,
       szLimitPattrn: '',
       iOptionRandom: 0,
       iOptionCnt: 3 } ],
  userInfo: 
   { iQQ: 584295354,
     iDailyTaskID: 935,
     dDay: '2016-01-27',
     iContinueCnt: 1,
     iAnsChoiceID: 11205,
     szAnsContent: '',
     iDoneCount: 0,
     iStatus: 2 },
  voteCnt: 
   [ { iOptionID: 11205, iOptionCnt: 1452 },
     { iOptionID: 11206, iOptionCnt: 231 },
     { iOptionID: 11207, iOptionCnt: 252 },
     { iOptionID: 11208, iOptionCnt: 196 },
     { iOptionID: 11209, iOptionCnt: 135 } ],
  config: 
   { '1': { iMoney: '0', iScore1: '10' },
     '2': { iMoney: '0', iScore1: '15' },
     '3': { iMoney: '0', iScore1: '20' },
     '4': { iMoney: '0', iScore1: '25' },
     '5': { iMoney: '0', iScore1: '30' },
     '6': { iMoney: '0', iScore1: '35' },
     '7': { iMoney: '0', iScore1: '40' } } }
http://gamer.qq.com:80/task/daily/setanswer?iQQ=584295354&iAnsChoiceID=11205&szAnsContent=&iDailyTaskID=935&tk=02a1a7d9cb887ab8f53e209f42e7496b
{"errCode":-161,"msg":"您已经签到过了"}
http://gamer.qq.com:80/gamewiki/gettodaycards?iQQ=584295354&tk=02a1a7d9cb887ab8f53e209f42e7496b
{"errCode":0,"msg":"success","result":{"iFloppedGame":81604552291,"gameList":[{"iLikeArticleID":81604552291,"iWeights":80,"dtTime":"2016-01-20 19:50:21","iQQ":3055974268,"szTitle":"雷霆天下","szSummary":"{\"szTitle\":\"雷霆天下\",\"szTitleEn\":\"Mobile Strike\",\"gamePlatform\":\"手游\",\"gameFactory\":\"Epic War LLC\",\"gameLanguage\":[\"中文\",\"日文\",\"韩文\",\"英文\",\"其他\"],\"gameType\":\"动作角色扮演\",\"szImageUrl\":\"http://shp.qpic.cn/zc_large/0/442_1453198306000/0\",\"szIconUrl\":{\"front\":\"http://shp.qpic.cn/zc_large/0/449_1453199111000/0\",\"back\":\"http://shp.qpic.cn/zc_large/0/816_1453199113000/0\"},\"gameDetail\":\"内容提要\\n\\n雷霆天下 (Mobile Strike)是款激动人心的现代战争背景军事动作类游戏，您可以在游戏中建造基地、部署行动，并训练您的精英部队在战场上与敌军决一死战！\\n在这款全球MMO游戏中，解锁具备尖端科技的突击车辆，指挥强大的军队，并在全世界的对手面前考验自己的战术思想。\\n\\n- 加入全球各地的数百万名玩家\\n- 建造并自定义一座精英军事基地，展现强大防御或进攻实力\\n- 使用坦克、直升机等现代军事单位，向您的敌人发动闪击\\n- 夺取国家元首称号，为盟友提供庇护，向敌人施加阻碍！\\n- 升级建筑和城墙来防守您的防御带\\n- 训练并升级您的指挥官，并为其装配顶尖火力装备\\n- 指挥4个等级的16种致命攻击部队\\n- 在排名第一的MMO现代战争中克敌制胜统领群雄\\n\\n在雷霆天下 (Mobile Strike)的宏伟多人世界中体验激烈的战斗与征服吧。\\n\\n与实力强大的玩家一同组建全球联盟并在雷霆天下 (Mobile Strike)中身临其境的世界中征服敌人的每一寸领土！\"}","iID":81604552291,"iType":21,"iSubType1":0,"iSubType2":0,"iDivideType":0,"iMasterCommentCnt":0,"iCommentCnt":14,"iHeartCnt":312,"iFlag":0,"dtLastComment":"2016-01-26 18:15:50","dtLastHeart":"2016-01-27 10:21:16","vLastHeartNickName":"巛丶桀骜∈凌雲灬","iLastHeartQQ":894067526,"commentInfo":{"iID":81604552291,"iCommentID":38106,"iPID":0,"iType":21,"iCommentQQ":512225561,"vNickName":"lvnhjj","dtTime":"2016-01-22 10:44:43","szComment":"0|0|0|一款威力摧枯拉朽的现代战争背景军事动作类游戏","szQuote":"","szDeleteComment":"","iHeartCnt":107,"iCommentCnt":0,"allowReply":0,"iHasCheck":1,"iSpecielComment":0,"iApp":0,"iDownCnt":0,"iReservedCnt1":0,"iReservedCnt2":0,"iReservedCnt3":0}},{"iLikeArticleID":81604410798,"iWeights":30,"dtTime":"2015-10-10 00:50:01","iQQ":3055974268,"szTitle":"地下城与勇士","szSummary":"{\"szTitle\":\"地下城与勇士\",\"szTitleEn\":\"Dungeon and Fighter（DNF）\",\"gamePlatform\":\"网游\",\"gameFactory\":\"NEOPLE\",\"gameLanguage\":[\"中文\",\"日文\",\"韩文\",\"英文\"],\"gameType\":\"格斗\",\"szImageUrl\":\"http://shp.qpic.cn/zc_large/0/254_1444408031000/0\",\"szIconUrl\":{\"front\":\"http://shp.qpic.cn/zc_large/0/880_1444408303000/0\",\"back\":\"http://shp.qpic.cn/zc_large/0/280_1444408307000/0\"},\"gameDetail\":\"《地下城与勇士》作为全球2D横版格斗网络游戏（MMOACT）的先行者，凭借经典街机游戏网络化的创新理念和玩法成为了全球网络游戏发展史上的一个里程碑。与经典横版动作游戏别无二致的表现形式、无限连击的动作特性和极富多样化的职业分支使得《地下城与勇士》具有精准的操作体验与打击爽快感，让玩家全面回归游戏的本质，享受游戏过程而非游戏结果带来的快乐——这将是网游领域史无前例的进步！\"}","iID":81604410798,"iType":21,"iSubType1":0,"iSubType2":0,"iDivideType":0,"iMasterCommentCnt":0,"iCommentCnt":83,"iHeartCnt":645,"iFlag":0,"dtLastComment":"2016-01-26 21:09:59","dtLastHeart":"2016-01-26 22:22:40","vLastHeartNickName":"QUAN鼬","iLastHeartQQ":756500679,"commentInfo":{"iID":81604410798,"iCommentID":14824,"iPID":0,"iType":21,"iCommentQQ":56994863,"vNickName":"怪癖姨妈","dtTime":"2015-11-05 23:52:59","szComment":"0|0|0|好玩","szQuote":"","szDeleteComment":"","iHeartCnt":58,"iCommentCnt":0,"allowReply":0,"iHasCheck":1,"iSpecielComment":0,"iApp":0,"iDownCnt":0,"iReservedCnt1":0,"iReservedCnt2":0,"iReservedCnt3":0}},{"iLikeArticleID":81604455557,"iWeights":30,"dtTime":"2015-11-10 09:58:37","iQQ":3055974268,"szTitle":"超难！曲折喵路","szSummary":"{\"szTitle\":\"超难！曲折喵路\",\"szTitleEn\":\"\",\"gamePlatform\":\"手游\",\"gameFactory\":\"Ryusuke Yamaguchi\",\"gameLanguage\":[\"日文\",\"英文\"],\"gameType\":\"益智解谜\",\"szImageUrl\":\"http://shp.qpic.cn/zc_large/0/594_1447051525000/0\",\"szIconUrl\":{\"front\":\"http://shp.qpic.cn/zc_large/0/329_1447052012000/0\",\"back\":\"http://shp.qpic.cn/zc_large/0/960_1447052016000/0\"},\"gameDetail\":\"超难！曲折喵路是一款休闲益智游戏，改游戏以猫作为主角的游戏不在少数，但是一只会走路的猫左拐右拐的游戏就不是很多见了。本作是一款以曲折路线为前进方向的游戏，玩家可以通过点击屏幕来改变猫的方向，以此来在抵达终点。\"}","iID":81604455557,"iType":21,"iSubType1":0,"iSubType2":0,"iDivideType":0,"iMasterCommentCnt":0,"iCommentCnt":17,"iHeartCnt":557,"iFlag":0,"dtLastComment":"2016-01-21 21:03:02","dtLastHeart":"2016-01-27 02:17:43","vLastHeartNickName":"无岁月","iLastHeartQQ":48079416,"commentInfo":{"iID":81604455557,"iCommentID":16169,"iPID":0,"iType":21,"iCommentQQ":398091894,"vNickName":"剑随人","dtTime":"2015-11-19 09:10:22","szComment":"0|0|0|看起来好好玩的样子，是虐手残的必备游戏吧。","szQuote":"","szDeleteComment":"","iHeartCnt":136,"iCommentCnt":0,"allowReply":0,"iHasCheck":1,"iSpecielComment":0,"iApp":0,"iDownCnt":0,"iReservedCnt1":0,"iReservedCnt2":0,"iReservedCnt3":0}}]}}
http://gamer.qq.com:80/gamewiki/setfloppedgame
{"errCode":0,"msg":"success","result":null}
http://gamer.qq.com:80/user/article/articlelist?iProductID=19&iClassID=&iPageNum=0&iPageSize=1&iArticleID=&iType=13&iMasterArticle=&isContestants=0&iOrder=5&tk=02a1a7d9cb887ab8f53e209f42e7496b
{"errCode":0,"msg":"success","result":{"rows":[{"iArticleID":81604554590,"iClassID":30002,"iProductID":19,"iQQ":2927373151,"szName":"先童鞋","iStatus":0,"szTitle":"《怪物猎人OL》新春版本 1月26日全面更新","szSummary":"{\"daoyu\":\"《怪物猎人OL》春节特别版本，已经于1月26日正式更新。新武器铳枪亮相，新怪物砦蟹、吞渊龙、雄火龙将正式加入到狩猎场之中，史无前例的12人狩猎模式带来无与伦比的狩猎快感。此外诸多全新时装、S级特效武器时装的加入，也将给猎人们带来与众不同的全新感受。\",\"srcname\":\"游民星空\",\"srcurl\":\"http://ol.gamersky.com/news/201601/709797.shtml?oltoutiao01261040\",\"szSummary\":\"新武器铳枪亮相　　铳枪是以怪物喷吐火焰的攻击方式为原理，在其基础上改进，使用长柄枪身搭载工房特制炮击机能的强力武器。除了使用枪体本身攻击怪物\",\"h5background\":\"http://shp.qpic.cn/zc_large/0/20_1453859448000/0\"}","dtTime":"2016-01-27 09:56:47","szImageUrl":"http://shp.qpic.cn/zc_large/0/977_1453859323000/0","szVideoUrl":"{\"fromtitle\":\"游民星空\",\"fromurl\":\"http://ol.gamersky.com/news/201601/709797.shtml?oltoutiao01261040\"}","szCommentName":"","iCommentQQ":0,"iType":13,"iMasterArticle":1,"iAuditStatus":0,"iHotType":0,"iDownCnt":0,"iAttacheFlag":0,"szClassTitle":"全民吐槽","iClassFlag":0,"szClassImageUrl":"http://shp.qpic.cn/zc_large/0/743_1444406504000/0","szClassDesc":"全民吐槽","iMasterCommentCnt":0,"iCommentCnt":0,"iHeartCnt":0,"dtLastComment":"2016-01-27 09:56:47","dtLastHeart":"1970-01-01 08:00:00","iLastHeartQQ":0,"vLastHeartNickName":"","iFlag":0}],"total":111}}
http://gamer.qq.com:80/bili/set?szComment=侬脑子瓦特啦&szID=81604554590&tk=02a1a7d9cb887ab8f53e209f42e7496b
{"errCode":0,"msg":"success","result":"164"}
http://gamer.qq.com:80/user/active/dotask
{"errCode":-8703,"msg":"无效的活跃任务类型"}
http://gamer.qq.com:80/user/active/dotask
{"errCode":-8700,"msg":"达到每天次数限制，不能获得活跃值"}
http://gamer.qq.com:80/user/active/dotask
{"errCode":-8703,"msg":"无效的活跃任务类型"}
http://gamer.qq.com:80/user/active/dotask
{"errCode":-8700,"msg":"达到每天次数限制，不能获得活跃值"}
http://gamer.qq.com:80/user/active/dotask
{"errCode":-8700,"msg":"达到每天次数限制，不能获得活跃值"}
http://gamer.qq.com:80/user/active/dotask
{"errCode":-8703,"msg":"无效的活跃任务类型"}
http://gamer.qq.com:80/user/active/dotask
{"errCode":-8703,"msg":"无效的活跃任务类型"}
http://gamer.qq.com:80/user/active/dotask
{"errCode":-8703,"msg":"无效的活跃任务类型"}
http://gamer.qq.com:80/user/active/dotask
{"errCode":-8703,"msg":"无效的活跃任务类型"}
http://gamer.qq.com:80/user/active/dotask
{"errCode":-8703,"msg":"无效的活跃任务类型"}
http://gamer.qq.com:80/user/active/dotask
{"errCode":-8703,"msg":"无效的活跃任务类型"}
http://gamer.qq.com:80/user/active/dotask
{"errCode":-8700,"msg":"达到每天次数限制，不能获得活跃值"}
http://gamer.qq.com:80/user/active/dotask
{"errCode":-8700,"msg":"达到每天次数限制，不能获得活跃值"}
http://gamer.qq.com:80/user/active/dotask
{"errCode":-8700,"msg":"达到每天次数限制，不能获得活跃值"}
http://gamer.qq.com:80/user/active/getmine?iQQ=584295354&tk=02a1a7d9cb887ab8f53e209f42e7496b
http://gamer.qq.com:80/user/active/getreward
{"errCode":-8702,"msg":"已经领取了"}
